Determining if the include file CoreServices/CoreServices.h exists failed with the following output:
Change Dir: /Users/bhavesh/Desktop/LinphoneV4/linphone-iphone/WORK/ios-arm64/Build/xerces/CMakeFiles/CMakeTmp

Run Build Command:"/usr/bin/make" "cmTC_3a50b/fast"
/Applications/Xcode.app/Contents/Developer/usr/bin/make -f CMakeFiles/cmTC_3a50b.dir/build.make CMakeFiles/cmTC_3a50b.dir/build
Building C object CMakeFiles/cmTC_3a50b.dir/CheckIncludeFile.c.o
/Applications/Xcode.app/Contents/Developer/Toolchains/XcodeDefault.xctoolchain/usr/bin/clang --target=arm64-apple-darwin   -arch arm64 -isysroot /Applications/Xcode.app/Contents/Developer/Platforms/iPhoneOS.platform/Developer/SDKs/iPhoneOS11.3.sdk   -o CMakeFiles/cmTC_3a50b.dir/CheckIncludeFile.c.o   -c /Users/bhavesh/Desktop/LinphoneV4/linphone-iphone/WORK/ios-arm64/Build/xerces/CMakeFiles/CMakeTmp/CheckIncludeFile.c
/Users/bhavesh/Desktop/LinphoneV4/linphone-iphone/WORK/ios-arm64/Build/xerces/CMakeFiles/CMakeTmp/CheckIncludeFile.c:1:10: fatal error: 'CoreServices/CoreServices.h' file not found
#include <CoreServices/CoreServices.h>
         ^~~~~~~~~~~~~~~~~~~~~~~~~~~~~
1 error generated.
make[5]: *** [CMakeFiles/cmTC_3a50b.dir/CheckIncludeFile.c.o] Error 1
make[4]: *** [cmTC_3a50b/fast] Error 2


Determining if the include file cpuid.h exists failed with the following output:
Change Dir: /Users/bhavesh/Desktop/LinphoneV4/linphone-iphone/WORK/ios-arm64/Build/xerces/CMakeFiles/CMakeTmp

Run Build Command:"/usr/bin/make" "cmTC_7a5de/fast"
/Applications/Xcode.app/Contents/Developer/usr/bin/make -f CMakeFiles/cmTC_7a5de.dir/build.make CMakeFiles/cmTC_7a5de.dir/build
Building C object CMakeFiles/cmTC_7a5de.dir/CheckIncludeFile.c.o
/Applications/Xcode.app/Contents/Developer/Toolchains/XcodeDefault.xctoolchain/usr/bin/clang --target=arm64-apple-darwin   -arch arm64 -isysroot /Applications/Xcode.app/Contents/Developer/Platforms/iPhoneOS.platform/Developer/SDKs/iPhoneOS11.3.sdk   -o CMakeFiles/cmTC_7a5de.dir/CheckIncludeFile.c.o   -c /Users/bhavesh/Desktop/LinphoneV4/linphone-iphone/WORK/ios-arm64/Build/xerces/CMakeFiles/CMakeTmp/CheckIncludeFile.c
In file included from /Users/bhavesh/Desktop/LinphoneV4/linphone-iphone/WORK/ios-arm64/Build/xerces/CMakeFiles/CMakeTmp/CheckIncludeFile.c:1:
/Applications/Xcode.app/Contents/Developer/Toolchains/XcodeDefault.xctoolchain/usr/lib/clang/9.1.0/include/cpuid.h:25:2: error: this header is for x86 only
#error this header is for x86 only
 ^
/Applications/Xcode.app/Contents/Developer/Toolchains/XcodeDefault.xctoolchain/usr/lib/clang/9.1.0/include/cpuid.h:262:5: error: invalid output constraint '=a' in asm
    __cpuid(__leaf, __eax, __ebx, __ecx, __edx);
    ^
/Applications/Xcode.app/Contents/Developer/Toolchains/XcodeDefault.xctoolchain/usr/lib/clang/9.1.0/include/cpuid.h:227:11: note: expanded from macro '__cpuid'
        : "=a"(__eax), "=r" (__ebx), "=c"(__ecx), "=d"(__edx) \
          ^
/Applications/Xcode.app/Contents/Developer/Toolchains/XcodeDefault.xctoolchain/usr/lib/clang/9.1.0/include/cpuid.h:277:5: error: invalid output constraint '=a' in asm
    __cpuid(__leaf, *__eax, *__ebx, *__ecx, *__edx);
    ^
/Applications/Xcode.app/Contents/Developer/Toolchains/XcodeDefault.xctoolchain/usr/lib/clang/9.1.0/include/cpuid.h:227:11: note: expanded from macro '__cpuid'
        : "=a"(__eax), "=r" (__ebx), "=c"(__ecx), "=d"(__edx) \
          ^
/Applications/Xcode.app/Contents/Developer/Toolchains/XcodeDefault.xctoolchain/usr/lib/clang/9.1.0/include/cpuid.h:291:5: error: invalid output constraint '=a' in asm
    __cpuid_count(__leaf, __subleaf, *__eax, *__ebx, *__ecx, *__edx);
    ^
/Applications/Xcode.app/Contents/Developer/Toolchains/XcodeDefault.xctoolchain/usr/lib/clang/9.1.0/include/cpuid.h:234:11: note: expanded from macro '__cpuid_count'
        : "=a"(__eax), "=r" (__ebx), "=c"(__ecx), "=d"(__edx) \
          ^
4 errors generated.
make[5]: *** [CMakeFiles/cmTC_7a5de.dir/CheckIncludeFile.c.o] Error 1
make[4]: *** [cmTC_7a5de/fast] Error 2


Determining if the include file winsock2.h exists failed with the following output:
Change Dir: /Users/bhavesh/Desktop/LinphoneV4/linphone-iphone/WORK/ios-arm64/Build/xerces/CMakeFiles/CMakeTmp

Run Build Command:"/usr/bin/make" "cmTC_33c44/fast"
/Applications/Xcode.app/Contents/Developer/usr/bin/make -f CMakeFiles/cmTC_33c44.dir/build.make CMakeFiles/cmTC_33c44.dir/build
Building C object CMakeFiles/cmTC_33c44.dir/CheckIncludeFile.c.o
/Applications/Xcode.app/Contents/Developer/Toolchains/XcodeDefault.xctoolchain/usr/bin/clang --target=arm64-apple-darwin   -arch arm64 -isysroot /Applications/Xcode.app/Contents/Developer/Platforms/iPhoneOS.platform/Developer/SDKs/iPhoneOS11.3.sdk   -o CMakeFiles/cmTC_33c44.dir/CheckIncludeFile.c.o   -c /Users/bhavesh/Desktop/LinphoneV4/linphone-iphone/WORK/ios-arm64/Build/xerces/CMakeFiles/CMakeTmp/CheckIncludeFile.c
/Users/bhavesh/Desktop/LinphoneV4/linphone-iphone/WORK/ios-arm64/Build/xerces/CMakeFiles/CMakeTmp/CheckIncludeFile.c:1:10: fatal error: 'winsock2.h' file not found
#include <winsock2.h>
         ^~~~~~~~~~~~
1 error generated.
make[5]: *** [CMakeFiles/cmTC_33c44.dir/CheckIncludeFile.c.o] Error 1
make[4]: *** [cmTC_33c44/fast] Error 2


Determining if the function stricmp exists failed with the following output:
Change Dir: /Users/bhavesh/Desktop/LinphoneV4/linphone-iphone/WORK/ios-arm64/Build/xerces/CMakeFiles/CMakeTmp

Run Build Command:"/usr/bin/make" "cmTC_efc68/fast"
/Applications/Xcode.app/Contents/Developer/usr/bin/make -f CMakeFiles/cmTC_efc68.dir/build.make CMakeFiles/cmTC_efc68.dir/build
Building C object CMakeFiles/cmTC_efc68.dir/CheckFunctionExists.c.o
/Applications/Xcode.app/Contents/Developer/Toolchains/XcodeDefault.xctoolchain/usr/bin/clang --target=arm64-apple-darwin   -DCHECK_FUNCTION_EXISTS=stricmp -arch arm64 -isysroot /Applications/Xcode.app/Contents/Developer/Platforms/iPhoneOS.platform/Developer/SDKs/iPhoneOS11.3.sdk   -o CMakeFiles/cmTC_efc68.dir/CheckFunctionExists.c.o   -c /usr/local/Cellar/cmake/3.11.0/share/cmake/Modules/CheckFunctionExists.c
Linking C executable cmTC_efc68
/usr/local/Cellar/cmake/3.11.0/bin/cmake -E cmake_link_script CMakeFiles/cmTC_efc68.dir/link.txt --verbose=1
/Applications/Xcode.app/Contents/Developer/Toolchains/XcodeDefault.xctoolchain/usr/bin/clang --target=arm64-apple-darwin  -DCHECK_FUNCTION_EXISTS=stricmp -arch arm64 -isysroot /Applications/Xcode.app/Contents/Developer/Platforms/iPhoneOS.platform/Developer/SDKs/iPhoneOS11.3.sdk -Wl,-search_paths_first -Wl,-headerpad_max_install_names   CMakeFiles/cmTC_efc68.dir/CheckFunctionExists.c.o  -o cmTC_efc68 
Undefined symbols for architecture arm64:
  "_stricmp", referenced from:
      _main in CheckFunctionExists.c.o
ld: symbol(s) not found for architecture arm64
clang: error: linker command failed with exit code 1 (use -v to see invocation)
make[5]: *** [cmTC_efc68] Error 1
make[4]: *** [cmTC_efc68/fast] Error 2


Determining if the function strnicmp exists failed with the following output:
Change Dir: /Users/bhavesh/Desktop/LinphoneV4/linphone-iphone/WORK/ios-arm64/Build/xerces/CMakeFiles/CMakeTmp

Run Build Command:"/usr/bin/make" "cmTC_4818b/fast"
/Applications/Xcode.app/Contents/Developer/usr/bin/make -f CMakeFiles/cmTC_4818b.dir/build.make CMakeFiles/cmTC_4818b.dir/build
Building C object CMakeFiles/cmTC_4818b.dir/CheckFunctionExists.c.o
/Applications/Xcode.app/Contents/Developer/Toolchains/XcodeDefault.xctoolchain/usr/bin/clang --target=arm64-apple-darwin   -DCHECK_FUNCTION_EXISTS=strnicmp -arch arm64 -isysroot /Applications/Xcode.app/Contents/Developer/Platforms/iPhoneOS.platform/Developer/SDKs/iPhoneOS11.3.sdk   -o CMakeFiles/cmTC_4818b.dir/CheckFunctionExists.c.o   -c /usr/local/Cellar/cmake/3.11.0/share/cmake/Modules/CheckFunctionExists.c
Linking C executable cmTC_4818b
/usr/local/Cellar/cmake/3.11.0/bin/cmake -E cmake_link_script CMakeFiles/cmTC_4818b.dir/link.txt --verbose=1
/Applications/Xcode.app/Contents/Developer/Toolchains/XcodeDefault.xctoolchain/usr/bin/clang --target=arm64-apple-darwin  -DCHECK_FUNCTION_EXISTS=strnicmp -arch arm64 -isysroot /Applications/Xcode.app/Contents/Developer/Platforms/iPhoneOS.platform/Developer/SDKs/iPhoneOS11.3.sdk -Wl,-search_paths_first -Wl,-headerpad_max_install_names   CMakeFiles/cmTC_4818b.dir/CheckFunctionExists.c.o  -o cmTC_4818b 
Undefined symbols for architecture arm64:
  "_strnicmp", referenced from:
      _main in CheckFunctionExists.c.o
ld: symbol(s) not found for architecture arm64
clang: error: linker command failed with exit code 1 (use -v to see invocation)
make[5]: *** [cmTC_4818b] Error 1
make[4]: *** [cmTC_4818b/fast] Error 2


Determining if the function wcsupr exists failed with the following output:
Change Dir: /Users/bhavesh/Desktop/LinphoneV4/linphone-iphone/WORK/ios-arm64/Build/xerces/CMakeFiles/CMakeTmp

Run Build Command:"/usr/bin/make" "cmTC_3ba6d/fast"
/Applications/Xcode.app/Contents/Developer/usr/bin/make -f CMakeFiles/cmTC_3ba6d.dir/build.make CMakeFiles/cmTC_3ba6d.dir/build
Building C object CMakeFiles/cmTC_3ba6d.dir/CheckFunctionExists.c.o
/Applications/Xcode.app/Contents/Developer/Toolchains/XcodeDefault.xctoolchain/usr/bin/clang --target=arm64-apple-darwin   -DCHECK_FUNCTION_EXISTS=wcsupr -arch arm64 -isysroot /Applications/Xcode.app/Contents/Developer/Platforms/iPhoneOS.platform/Developer/SDKs/iPhoneOS11.3.sdk   -o CMakeFiles/cmTC_3ba6d.dir/CheckFunctionExists.c.o   -c /usr/local/Cellar/cmake/3.11.0/share/cmake/Modules/CheckFunctionExists.c
Linking C executable cmTC_3ba6d
/usr/local/Cellar/cmake/3.11.0/bin/cmake -E cmake_link_script CMakeFiles/cmTC_3ba6d.dir/link.txt --verbose=1
/Applications/Xcode.app/Contents/Developer/Toolchains/XcodeDefault.xctoolchain/usr/bin/clang --target=arm64-apple-darwin  -DCHECK_FUNCTION_EXISTS=wcsupr -arch arm64 -isysroot /Applications/Xcode.app/Contents/Developer/Platforms/iPhoneOS.platform/Developer/SDKs/iPhoneOS11.3.sdk -Wl,-search_paths_first -Wl,-headerpad_max_install_names   CMakeFiles/cmTC_3ba6d.dir/CheckFunctionExists.c.o  -o cmTC_3ba6d 
Undefined symbols for architecture arm64:
  "_wcsupr", referenced from:
      _main in CheckFunctionExists.c.o
ld: symbol(s) not found for architecture arm64
clang: error: linker command failed with exit code 1 (use -v to see invocation)
make[5]: *** [cmTC_3ba6d] Error 1
make[4]: *** [cmTC_3ba6d/fast] Error 2


Determining if the function wcslwr exists failed with the following output:
Change Dir: /Users/bhavesh/Desktop/LinphoneV4/linphone-iphone/WORK/ios-arm64/Build/xerces/CMakeFiles/CMakeTmp

Run Build Command:"/usr/bin/make" "cmTC_385c5/fast"
/Applications/Xcode.app/Contents/Developer/usr/bin/make -f CMakeFiles/cmTC_385c5.dir/build.make CMakeFiles/cmTC_385c5.dir/build
Building C object CMakeFiles/cmTC_385c5.dir/CheckFunctionExists.c.o
/Applications/Xcode.app/Contents/Developer/Toolchains/XcodeDefault.xctoolchain/usr/bin/clang --target=arm64-apple-darwin   -DCHECK_FUNCTION_EXISTS=wcslwr -arch arm64 -isysroot /Applications/Xcode.app/Contents/Developer/Platforms/iPhoneOS.platform/Developer/SDKs/iPhoneOS11.3.sdk   -o CMakeFiles/cmTC_385c5.dir/CheckFunctionExists.c.o   -c /usr/local/Cellar/cmake/3.11.0/share/cmake/Modules/CheckFunctionExists.c
Linking C executable cmTC_385c5
/usr/local/Cellar/cmake/3.11.0/bin/cmake -E cmake_link_script CMakeFiles/cmTC_385c5.dir/link.txt --verbose=1
/Applications/Xcode.app/Contents/Developer/Toolchains/XcodeDefault.xctoolchain/usr/bin/clang --target=arm64-apple-darwin  -DCHECK_FUNCTION_EXISTS=wcslwr -arch arm64 -isysroot /Applications/Xcode.app/Contents/Developer/Platforms/iPhoneOS.platform/Developer/SDKs/iPhoneOS11.3.sdk -Wl,-search_paths_first -Wl,-headerpad_max_install_names   CMakeFiles/cmTC_385c5.dir/CheckFunctionExists.c.o  -o cmTC_385c5 
Undefined symbols for architecture arm64:
  "_wcslwr", referenced from:
      _main in CheckFunctionExists.c.o
ld: symbol(s) not found for architecture arm64
clang: error: linker command failed with exit code 1 (use -v to see invocation)
make[5]: *** [cmTC_385c5] Error 1
make[4]: *** [cmTC_385c5/fast] Error 2


Determining if the function wcsnicmp exists failed with the following output:
Change Dir: /Users/bhavesh/Desktop/LinphoneV4/linphone-iphone/WORK/ios-arm64/Build/xerces/CMakeFiles/CMakeTmp

Run Build Command:"/usr/bin/make" "cmTC_fcbfe/fast"
/Applications/Xcode.app/Contents/Developer/usr/bin/make -f CMakeFiles/cmTC_fcbfe.dir/build.make CMakeFiles/cmTC_fcbfe.dir/build
Building C object CMakeFiles/cmTC_fcbfe.dir/CheckFunctionExists.c.o
/Applications/Xcode.app/Contents/Developer/Toolchains/XcodeDefault.xctoolchain/usr/bin/clang --target=arm64-apple-darwin   -DCHECK_FUNCTION_EXISTS=wcsnicmp -arch arm64 -isysroot /Applications/Xcode.app/Contents/Developer/Platforms/iPhoneOS.platform/Developer/SDKs/iPhoneOS11.3.sdk   -o CMakeFiles/cmTC_fcbfe.dir/CheckFunctionExists.c.o   -c /usr/local/Cellar/cmake/3.11.0/share/cmake/Modules/CheckFunctionExists.c
Linking C executable cmTC_fcbfe
/usr/local/Cellar/cmake/3.11.0/bin/cmake -E cmake_link_script CMakeFiles/cmTC_fcbfe.dir/link.txt --verbose=1
/Applications/Xcode.app/Contents/Developer/Toolchains/XcodeDefault.xctoolchain/usr/bin/clang --target=arm64-apple-darwin  -DCHECK_FUNCTION_EXISTS=wcsnicmp -arch arm64 -isysroot /Applications/Xcode.app/Contents/Developer/Platforms/iPhoneOS.platform/Developer/SDKs/iPhoneOS11.3.sdk -Wl,-search_paths_first -Wl,-headerpad_max_install_names   CMakeFiles/cmTC_fcbfe.dir/CheckFunctionExists.c.o  -o cmTC_fcbfe 
Undefined symbols for architecture arm64:
  "_wcsnicmp", referenced from:
      _main in CheckFunctionExists.c.o
ld: symbol(s) not found for architecture arm64
clang: error: linker command failed with exit code 1 (use -v to see invocation)
make[5]: *** [cmTC_fcbfe] Error 1
make[4]: *** [cmTC_fcbfe/fast] Error 2


Determining if the function wcsicmp exists failed with the following output:
Change Dir: /Users/bhavesh/Desktop/LinphoneV4/linphone-iphone/WORK/ios-arm64/Build/xerces/CMakeFiles/CMakeTmp

Run Build Command:"/usr/bin/make" "cmTC_2768b/fast"
/Applications/Xcode.app/Contents/Developer/usr/bin/make -f CMakeFiles/cmTC_2768b.dir/build.make CMakeFiles/cmTC_2768b.dir/build
Building C object CMakeFiles/cmTC_2768b.dir/CheckFunctionExists.c.o
/Applications/Xcode.app/Contents/Developer/Toolchains/XcodeDefault.xctoolchain/usr/bin/clang --target=arm64-apple-darwin   -DCHECK_FUNCTION_EXISTS=wcsicmp -arch arm64 -isysroot /Applications/Xcode.app/Contents/Developer/Platforms/iPhoneOS.platform/Developer/SDKs/iPhoneOS11.3.sdk   -o CMakeFiles/cmTC_2768b.dir/CheckFunctionExists.c.o   -c /usr/local/Cellar/cmake/3.11.0/share/cmake/Modules/CheckFunctionExists.c
Linking C executable cmTC_2768b
/usr/local/Cellar/cmake/3.11.0/bin/cmake -E cmake_link_script CMakeFiles/cmTC_2768b.dir/link.txt --verbose=1
/Applications/Xcode.app/Contents/Developer/Toolchains/XcodeDefault.xctoolchain/usr/bin/clang --target=arm64-apple-darwin  -DCHECK_FUNCTION_EXISTS=wcsicmp -arch arm64 -isysroot /Applications/Xcode.app/Contents/Developer/Platforms/iPhoneOS.platform/Developer/SDKs/iPhoneOS11.3.sdk -Wl,-search_paths_first -Wl,-headerpad_max_install_names   CMakeFiles/cmTC_2768b.dir/CheckFunctionExists.c.o  -o cmTC_2768b 
Undefined symbols for architecture arm64:
  "_wcsicmp", referenced from:
      _main in CheckFunctionExists.c.o
ld: symbol(s) not found for architecture arm64
clang: error: linker command failed with exit code 1 (use -v to see invocation)
make[5]: *** [cmTC_2768b] Error 1
make[4]: *** [cmTC_2768b/fast] Error 2


Determining size of __int64 failed with the following output:
Change Dir: /Users/bhavesh/Desktop/LinphoneV4/linphone-iphone/WORK/ios-arm64/Build/xerces/CMakeFiles/CMakeTmp

Run Build Command:"/usr/bin/make" "cmTC_e71a8/fast"
/Applications/Xcode.app/Contents/Developer/usr/bin/make -f CMakeFiles/cmTC_e71a8.dir/build.make CMakeFiles/cmTC_e71a8.dir/build
Building C object CMakeFiles/cmTC_e71a8.dir/SIZEOF___INT64.c.o
/Applications/Xcode.app/Contents/Developer/Toolchains/XcodeDefault.xctoolchain/usr/bin/clang --target=arm64-apple-darwin   -arch arm64 -isysroot /Applications/Xcode.app/Contents/Developer/Platforms/iPhoneOS.platform/Developer/SDKs/iPhoneOS11.3.sdk   -o CMakeFiles/cmTC_e71a8.dir/SIZEOF___INT64.c.o   -c /Users/bhavesh/Desktop/LinphoneV4/linphone-iphone/WORK/ios-arm64/Build/xerces/CMakeFiles/CheckTypeSize/SIZEOF___INT64.c
/Users/bhavesh/Desktop/LinphoneV4/linphone-iphone/WORK/ios-arm64/Build/xerces/CMakeFiles/CheckTypeSize/SIZEOF___INT64.c:26:12: error: use of undeclared identifier '__int64'
  ('0' + ((SIZE / 10000)%10)),
           ^
/Users/bhavesh/Desktop/LinphoneV4/linphone-iphone/WORK/ios-arm64/Build/xerces/CMakeFiles/CheckTypeSize/SIZEOF___INT64.c:24:22: note: expanded from macro 'SIZE'
#define SIZE (sizeof(__int64))
                     ^
/Users/bhavesh/Desktop/LinphoneV4/linphone-iphone/WORK/ios-arm64/Build/xerces/CMakeFiles/CheckTypeSize/SIZEOF___INT64.c:27:12: error: use of undeclared identifier '__int64'
  ('0' + ((SIZE / 1000)%10)),
           ^
/Users/bhavesh/Desktop/LinphoneV4/linphone-iphone/WORK/ios-arm64/Build/xerces/CMakeFiles/CheckTypeSize/SIZEOF___INT64.c:24:22: note: expanded from macro 'SIZE'
#define SIZE (sizeof(__int64))
                     ^
/Users/bhavesh/Desktop/LinphoneV4/linphone-iphone/WORK/ios-arm64/Build/xerces/CMakeFiles/CheckTypeSize/SIZEOF___INT64.c:28:12: error: use of undeclared identifier '__int64'
  ('0' + ((SIZE / 100)%10)),
           ^
/Users/bhavesh/Desktop/LinphoneV4/linphone-iphone/WORK/ios-arm64/Build/xerces/CMakeFiles/CheckTypeSize/SIZEOF___INT64.c:24:22: note: expanded from macro 'SIZE'
#define SIZE (sizeof(__int64))
                     ^
/Users/bhavesh/Desktop/LinphoneV4/linphone-iphone/WORK/ios-arm64/Build/xerces/CMakeFiles/CheckTypeSize/SIZEOF___INT64.c:29:12: error: use of undeclared identifier '__int64'
  ('0' + ((SIZE / 10)%10)),
           ^
/Users/bhavesh/Desktop/LinphoneV4/linphone-iphone/WORK/ios-arm64/Build/xerces/CMakeFiles/CheckTypeSize/SIZEOF___INT64.c:24:22: note: expanded from macro 'SIZE'
#define SIZE (sizeof(__int64))
                     ^
/Users/bhavesh/Desktop/LinphoneV4/linphone-iphone/WORK/ios-arm64/Build/xerces/CMakeFiles/CheckTypeSize/SIZEOF___INT64.c:30:12: error: use of undeclared identifier '__int64'
  ('0' +  (SIZE    % 10)),
           ^
/Users/bhavesh/Desktop/LinphoneV4/linphone-iphone/WORK/ios-arm64/Build/xerces/CMakeFiles/CheckTypeSize/SIZEOF___INT64.c:24:22: note: expanded from macro 'SIZE'
#define SIZE (sizeof(__int64))
                     ^
5 errors generated.
make[5]: *** [CMakeFiles/cmTC_e71a8.dir/SIZEOF___INT64.c.o] Error 1
make[4]: *** [cmTC_e71a8/fast] Error 2

/Users/bhavesh/Desktop/LinphoneV4/linphone-iphone/WORK/ios-arm64/Build/xerces/CMakeFiles/CheckTypeSize/SIZEOF___INT64.c:
#include <sys/types.h>
#include <stdint.h>
#include <stddef.h>
#include "stdint.h"


#undef KEY
#if defined(__i386)
# define KEY '_','_','i','3','8','6'
#elif defined(__x86_64)
# define KEY '_','_','x','8','6','_','6','4'
#elif defined(__ppc__)
# define KEY '_','_','p','p','c','_','_'
#elif defined(__ppc64__)
# define KEY '_','_','p','p','c','6','4','_','_'
#elif defined(__aarch64__)
# define KEY '_','_','a','a','r','c','h','6','4','_','_'
#elif defined(__ARM_ARCH_7A__)
# define KEY '_','_','A','R','M','_','A','R','C','H','_','7','A','_','_'
#elif defined(__ARM_ARCH_7S__)
# define KEY '_','_','A','R','M','_','A','R','C','H','_','7','S','_','_'
#endif

#define SIZE (sizeof(__int64))
char info_size[] =  {'I', 'N', 'F', 'O', ':', 's','i','z','e','[',
  ('0' + ((SIZE / 10000)%10)),
  ('0' + ((SIZE / 1000)%10)),
  ('0' + ((SIZE / 100)%10)),
  ('0' + ((SIZE / 10)%10)),
  ('0' +  (SIZE    % 10)),
  ']',
#ifdef KEY
  ' ','k','e','y','[', KEY, ']',
#endif
  '\0'};

#ifdef __CLASSIC_C__
int main(argc, argv) int argc; char *argv[];
#else
int main(int argc, char *argv[])
#endif
{
  int require = 0;
  require += info_size[argc];
  (void)argv;
  return require;
}


